<?xml version="1.0" encoding="UTF-8"?>
<testng-results ignored="0" total="0" passed="0" failed="0" skipped="0">
  <reporter-output>
  </reporter-output>
  <suite started-at="2024-10-21T06:25:43 IST" name="com.TestNGOCT.AppTest" finished-at="2024-10-21T06:25:43 IST" duration-ms="17">
    <groups>
    </groups>
    <test started-at="2024-10-21T06:25:43 IST" name="Command line test" finished-at="2024-10-21T06:25:43 IST" duration-ms="17">
    </test> <!-- Command line test -->
  </suite> <!-- com.TestNGOCT.AppTest -->
</testng-results>
